2017/11/19 22:30:12 INFO  - jmeter.util.JMeterUtils: Setting Locale to en_US 
2017/11/19 22:30:12 INFO  - jmeter.JMeter: Loading user properties from: /home/akanumuru/Documents/cs4501/cs4501/jmeter/user.properties 
2017/11/19 22:30:12 INFO  - jmeter.JMeter: Loading system properties from: /usr/share/jmeter/bin/system.properties 
2017/11/19 22:30:12 INFO  - jmeter.JMeter: Copyright (c) 1998-2014 The Apache Software Foundation 
2017/11/19 22:30:12 INFO  - jmeter.JMeter: Version 2.11.20151206 
2017/11/19 22:30:12 INFO  - jmeter.JMeter: java.version=1.8.0_151 
2017/11/19 22:30:12 INFO  - jmeter.JMeter: java.vm.name=OpenJDK 64-Bit Server VM 
2017/11/19 22:30:12 INFO  - jmeter.JMeter: os.name=Linux 
2017/11/19 22:30:12 INFO  - jmeter.JMeter: os.arch=amd64 
2017/11/19 22:30:12 INFO  - jmeter.JMeter: os.version=4.10.0-38-generic 
2017/11/19 22:30:12 INFO  - jmeter.JMeter: file.encoding=UTF-8 
2017/11/19 22:30:12 INFO  - jmeter.JMeter: Default Locale=English (United States) 
2017/11/19 22:30:12 INFO  - jmeter.JMeter: JMeter  Locale=English (United States) 
2017/11/19 22:30:12 INFO  - jmeter.JMeter: JMeterHome=/usr/share/jmeter 
2017/11/19 22:30:12 INFO  - jmeter.JMeter: user.dir  =/home/akanumuru/Documents/cs4501/cs4501/jmeter 
2017/11/19 22:30:12 INFO  - jmeter.JMeter: PWD       =/home/akanumuru/Documents/cs4501/cs4501/jmeter 
2017/11/19 22:30:12 INFO  - jmeter.JMeter: IP: 127.0.1.1 Name: XPS-13 FullName: XPS-13 
2017/11/19 22:30:12 INFO  - jmeter.services.FileServer: Default base='/home/akanumuru/Documents/cs4501/cs4501/jmeter' 
2017/11/19 22:30:12 INFO  - jmeter.services.FileServer: Set new base='/home/akanumuru/Documents/cs4501/cs4501/jmeter' 
2017/11/19 22:30:12 INFO  - jmeter.JMeter: Loading file: HTTP_Request_Defaults.jmx 
2017/11/19 22:30:12 INFO  - jmeter.save.SaveService: Testplan (JMX) version: 2.2. Testlog (JTL) version: 2.2 
2017/11/19 22:30:13 INFO  - jmeter.save.SaveService: Using SaveService properties file encoding UTF-8 
2017/11/19 22:30:13 INFO  - jmeter.save.SaveService: Using SaveService properties version 2.6 
2017/11/19 22:30:13 INFO  - jmeter.save.SaveService: Using SaveService properties file version 1554411 
2017/11/19 22:30:13 INFO  - jmeter.save.SaveService: All converter versions present and correct 
2017/11/19 22:30:13 INFO  - jmeter.protocol.http.sampler.HTTPSamplerBase: Cannot find .className property for htmlParser, using default 
2017/11/19 22:30:13 INFO  - jmeter.protocol.http.sampler.HTTPSamplerBase: Parser for text/html is  
2017/11/19 22:30:13 INFO  - jmeter.protocol.http.sampler.HTTPSamplerBase: Parser for application/xhtml+xml is  
2017/11/19 22:30:13 INFO  - jmeter.protocol.http.sampler.HTTPSamplerBase: Parser for application/xml is  
2017/11/19 22:30:13 INFO  - jmeter.protocol.http.sampler.HTTPSamplerBase: Parser for text/xml is  
2017/11/19 22:30:13 INFO  - jmeter.protocol.http.sampler.HTTPSamplerBase: Parser for text/vnd.wap.wml is org.apache.jmeter.protocol.http.parser.RegexpHTMLParser 
2017/11/19 22:30:13 INFO  - jmeter.JMeter: Creating summariser <summary> 
2017/11/19 22:30:13 INFO  - jmeter.engine.StandardJMeterEngine: Listeners will be started after enabling running version 
2017/11/19 22:30:13 INFO  - jmeter.engine.StandardJMeterEngine: To revert to the earlier behaviour, define jmeterengine.startlistenerslater=false 
2017/11/19 22:30:13 INFO  - jmeter.engine.StandardJMeterEngine: Running the test! 
2017/11/19 22:30:13 INFO  - jmeter.samplers.SampleEvent: List of sample_variables: [] 
2017/11/19 22:30:13 INFO  - jmeter.samplers.SampleEvent: List of sample_variables: [] 
2017/11/19 22:30:13 INFO  - jmeter.engine.util.CompoundVariable: Note: Function class names must contain the string: '.functions.' 
2017/11/19 22:30:13 INFO  - jmeter.engine.util.CompoundVariable: Note: Function class names must not contain the string: '.gui.' 
2017/11/19 22:30:13 INFO  - jmeter.JMeter: Running test (1511148613215) 
2017/11/19 22:30:13 INFO  - jmeter.engine.StandardJMeterEngine: Starting ThreadGroup: 1 : Thread Group 
2017/11/19 22:30:13 INFO  - jmeter.engine.StandardJMeterEngine: Starting 50 threads for group Thread Group. 
2017/11/19 22:30:13 INFO  - jmeter.engine.StandardJMeterEngine: Thread will continue on error 
2017/11/19 22:30:13 INFO  - jmeter.threads.ThreadGroup: Starting thread group number 1 threads 50 ramp-up 25 perThread 500.0 delayedStart=false 
2017/11/19 22:30:13 INFO  - jmeter.threads.JMeterThread: jmeterthread.startearlier=true (see jmeter.properties) 
2017/11/19 22:30:13 INFO  - jmeter.threads.JMeterThread: Running PostProcessors in forward order 
2017/11/19 22:30:13 INFO  - jmeter.threads.JMeterThread: Thread started: Thread Group 1-1 
2017/11/19 22:30:13 INFO  - jmeter.threads.ThreadGroup: Started thread group number 1 
2017/11/19 22:30:13 INFO  - jmeter.engine.StandardJMeterEngine: All thread groups have been started 
2017/11/19 22:30:13 INFO  - jmeter.protocol.http.sampler.HTTPHCAbstractImpl: Local host = XPS-13 
2017/11/19 22:30:13 INFO  - jmeter.protocol.http.sampler.HTTPHC4Impl: HTTP request retry count = 0 
2017/11/19 22:30:13 INFO  - jmeter.protocol.http.sampler.HTTPHC4Impl: Setting up HTTPS TrustAll scheme 
2017/11/19 22:30:13 INFO  - jmeter.util.JsseSSLManager: Using default SSL protocol: TLS 
2017/11/19 22:30:13 INFO  - jmeter.util.JsseSSLManager: SSL session context: per-thread 
2017/11/19 22:30:13 INFO  - jmeter.samplers.SampleResult: Note: Sample TimeStamps are START times 
2017/11/19 22:30:13 INFO  - jmeter.samplers.SampleResult: sampleresult.default.encoding is set to ISO-8859-1 
2017/11/19 22:30:13 INFO  - jmeter.samplers.SampleResult: sampleresult.useNanoTime=true 
2017/11/19 22:30:13 INFO  - jmeter.samplers.SampleResult: sampleresult.nanoThreadSleep=5000 
2017/11/19 22:30:13 INFO  - jmeter.threads.JMeterThread: Thread finished: Thread Group 1-1 
2017/11/19 22:30:13 INFO  - jmeter.threads.JMeterThread: Thread started: Thread Group 1-2 
2017/11/19 22:30:13 INFO  - jmeter.threads.JMeterThread: Thread finished: Thread Group 1-2 
2017/11/19 22:30:14 INFO  - jmeter.threads.JMeterThread: Thread started: Thread Group 1-3 
2017/11/19 22:30:14 INFO  - jmeter.threads.JMeterThread: Thread finished: Thread Group 1-3 
2017/11/19 22:30:14 INFO  - jmeter.threads.JMeterThread: Thread started: Thread Group 1-4 
2017/11/19 22:30:14 INFO  - jmeter.threads.JMeterThread: Thread finished: Thread Group 1-4 
2017/11/19 22:30:15 INFO  - jmeter.threads.JMeterThread: Thread started: Thread Group 1-5 
2017/11/19 22:30:15 INFO  - jmeter.threads.JMeterThread: Thread finished: Thread Group 1-5 
2017/11/19 22:30:15 INFO  - jmeter.threads.JMeterThread: Thread started: Thread Group 1-6 
2017/11/19 22:30:15 INFO  - jmeter.threads.JMeterThread: Thread finished: Thread Group 1-6 
2017/11/19 22:30:16 INFO  - jmeter.threads.JMeterThread: Thread started: Thread Group 1-7 
2017/11/19 22:30:16 INFO  - jmeter.threads.JMeterThread: Thread finished: Thread Group 1-7 
2017/11/19 22:30:16 INFO  - jmeter.threads.JMeterThread: Thread started: Thread Group 1-8 
2017/11/19 22:30:16 INFO  - jmeter.threads.JMeterThread: Thread finished: Thread Group 1-8 
2017/11/19 22:30:17 INFO  - jmeter.threads.JMeterThread: Thread started: Thread Group 1-9 
2017/11/19 22:30:17 INFO  - jmeter.threads.JMeterThread: Thread finished: Thread Group 1-9 
2017/11/19 22:30:17 INFO  - jmeter.threads.JMeterThread: Thread started: Thread Group 1-10 
2017/11/19 22:30:17 INFO  - jmeter.threads.JMeterThread: Thread finished: Thread Group 1-10 
2017/11/19 22:30:18 INFO  - jmeter.threads.JMeterThread: Thread started: Thread Group 1-11 
2017/11/19 22:30:18 INFO  - jmeter.threads.JMeterThread: Thread finished: Thread Group 1-11 
2017/11/19 22:30:18 INFO  - jmeter.threads.JMeterThread: Thread started: Thread Group 1-12 
2017/11/19 22:30:18 INFO  - jmeter.threads.JMeterThread: Thread finished: Thread Group 1-12 
2017/11/19 22:30:19 INFO  - jmeter.threads.JMeterThread: Thread started: Thread Group 1-13 
2017/11/19 22:30:19 INFO  - jmeter.threads.JMeterThread: Thread finished: Thread Group 1-13 
2017/11/19 22:30:19 INFO  - jmeter.threads.JMeterThread: Thread started: Thread Group 1-14 
2017/11/19 22:30:19 INFO  - jmeter.threads.JMeterThread: Thread finished: Thread Group 1-14 
2017/11/19 22:30:20 INFO  - jmeter.threads.JMeterThread: Thread started: Thread Group 1-15 
2017/11/19 22:30:20 INFO  - jmeter.threads.JMeterThread: Thread finished: Thread Group 1-15 
2017/11/19 22:30:20 INFO  - jmeter.threads.JMeterThread: Thread started: Thread Group 1-16 
2017/11/19 22:30:20 INFO  - jmeter.threads.JMeterThread: Thread finished: Thread Group 1-16 
2017/11/19 22:30:21 INFO  - jmeter.threads.JMeterThread: Thread started: Thread Group 1-17 
2017/11/19 22:30:21 INFO  - jmeter.threads.JMeterThread: Thread finished: Thread Group 1-17 
2017/11/19 22:30:21 INFO  - jmeter.threads.JMeterThread: Thread started: Thread Group 1-18 
2017/11/19 22:30:21 INFO  - jmeter.threads.JMeterThread: Thread finished: Thread Group 1-18 
2017/11/19 22:30:22 INFO  - jmeter.threads.JMeterThread: Thread started: Thread Group 1-19 
2017/11/19 22:30:22 INFO  - jmeter.threads.JMeterThread: Thread finished: Thread Group 1-19 
2017/11/19 22:30:22 INFO  - jmeter.threads.JMeterThread: Thread started: Thread Group 1-20 
2017/11/19 22:30:22 INFO  - jmeter.threads.JMeterThread: Thread finished: Thread Group 1-20 
2017/11/19 22:30:23 INFO  - jmeter.threads.JMeterThread: Thread started: Thread Group 1-21 
2017/11/19 22:30:23 INFO  - jmeter.threads.JMeterThread: Thread finished: Thread Group 1-21 
2017/11/19 22:30:23 INFO  - jmeter.threads.JMeterThread: Thread started: Thread Group 1-22 
2017/11/19 22:30:23 INFO  - jmeter.threads.JMeterThread: Thread finished: Thread Group 1-22 
2017/11/19 22:30:24 INFO  - jmeter.threads.JMeterThread: Thread started: Thread Group 1-23 
2017/11/19 22:30:24 INFO  - jmeter.threads.JMeterThread: Thread finished: Thread Group 1-23 
2017/11/19 22:30:24 INFO  - jmeter.threads.JMeterThread: Thread started: Thread Group 1-24 
2017/11/19 22:30:24 INFO  - jmeter.threads.JMeterThread: Thread finished: Thread Group 1-24 
2017/11/19 22:30:25 INFO  - jmeter.threads.JMeterThread: Thread started: Thread Group 1-25 
2017/11/19 22:30:25 INFO  - jmeter.threads.JMeterThread: Thread finished: Thread Group 1-25 
2017/11/19 22:30:25 INFO  - jmeter.threads.JMeterThread: Thread started: Thread Group 1-26 
2017/11/19 22:30:25 INFO  - jmeter.threads.JMeterThread: Thread finished: Thread Group 1-26 
2017/11/19 22:30:26 INFO  - jmeter.threads.JMeterThread: Thread started: Thread Group 1-27 
2017/11/19 22:30:26 INFO  - jmeter.threads.JMeterThread: Thread finished: Thread Group 1-27 
2017/11/19 22:30:26 INFO  - jmeter.threads.JMeterThread: Thread started: Thread Group 1-28 
2017/11/19 22:30:26 INFO  - jmeter.threads.JMeterThread: Thread finished: Thread Group 1-28 
2017/11/19 22:30:27 INFO  - jmeter.threads.JMeterThread: Thread started: Thread Group 1-29 
2017/11/19 22:30:27 INFO  - jmeter.threads.JMeterThread: Thread finished: Thread Group 1-29 
2017/11/19 22:30:27 INFO  - jmeter.threads.JMeterThread: Thread started: Thread Group 1-30 
2017/11/19 22:30:27 INFO  - jmeter.threads.JMeterThread: Thread finished: Thread Group 1-30 
2017/11/19 22:30:28 INFO  - jmeter.threads.JMeterThread: Thread started: Thread Group 1-31 
2017/11/19 22:30:28 INFO  - jmeter.threads.JMeterThread: Thread finished: Thread Group 1-31 
2017/11/19 22:30:28 INFO  - jmeter.threads.JMeterThread: Thread started: Thread Group 1-32 
2017/11/19 22:30:28 INFO  - jmeter.threads.JMeterThread: Thread finished: Thread Group 1-32 
2017/11/19 22:30:29 INFO  - jmeter.threads.JMeterThread: Thread started: Thread Group 1-33 
2017/11/19 22:30:29 INFO  - jmeter.threads.JMeterThread: Thread finished: Thread Group 1-33 
2017/11/19 22:30:29 INFO  - jmeter.threads.JMeterThread: Thread started: Thread Group 1-34 
2017/11/19 22:30:29 INFO  - jmeter.threads.JMeterThread: Thread finished: Thread Group 1-34 
2017/11/19 22:30:30 INFO  - jmeter.threads.JMeterThread: Thread started: Thread Group 1-35 
2017/11/19 22:30:30 INFO  - jmeter.reporters.Summariser: summary +    341 in    17s =   20.3/s Avg:     0 Min:     0 Max:    56 Err:   341 (100.00%) Active: 1 Started: 35 Finished: 34 
2017/11/19 22:30:30 INFO  - jmeter.threads.JMeterThread: Thread finished: Thread Group 1-35 
2017/11/19 22:30:30 INFO  - jmeter.threads.JMeterThread: Thread started: Thread Group 1-36 
2017/11/19 22:30:30 INFO  - jmeter.threads.JMeterThread: Thread finished: Thread Group 1-36 
2017/11/19 22:30:31 INFO  - jmeter.threads.JMeterThread: Thread started: Thread Group 1-37 
2017/11/19 22:30:31 INFO  - jmeter.threads.JMeterThread: Thread finished: Thread Group 1-37 
2017/11/19 22:30:31 INFO  - jmeter.threads.JMeterThread: Thread started: Thread Group 1-38 
2017/11/19 22:30:31 INFO  - jmeter.threads.JMeterThread: Thread finished: Thread Group 1-38 
2017/11/19 22:30:32 INFO  - jmeter.threads.JMeterThread: Thread started: Thread Group 1-39 
2017/11/19 22:30:32 INFO  - jmeter.threads.JMeterThread: Thread finished: Thread Group 1-39 
2017/11/19 22:30:32 INFO  - jmeter.threads.JMeterThread: Thread started: Thread Group 1-40 
2017/11/19 22:30:32 INFO  - jmeter.threads.JMeterThread: Thread finished: Thread Group 1-40 
2017/11/19 22:30:33 INFO  - jmeter.threads.JMeterThread: Thread started: Thread Group 1-41 
2017/11/19 22:30:33 INFO  - jmeter.threads.JMeterThread: Thread finished: Thread Group 1-41 
2017/11/19 22:30:33 INFO  - jmeter.threads.JMeterThread: Thread started: Thread Group 1-42 
2017/11/19 22:30:33 INFO  - jmeter.threads.JMeterThread: Thread finished: Thread Group 1-42 
2017/11/19 22:30:34 INFO  - jmeter.threads.JMeterThread: Thread started: Thread Group 1-43 
2017/11/19 22:30:34 INFO  - jmeter.threads.JMeterThread: Thread finished: Thread Group 1-43 
2017/11/19 22:30:34 INFO  - jmeter.threads.JMeterThread: Thread started: Thread Group 1-44 
2017/11/19 22:30:34 INFO  - jmeter.threads.JMeterThread: Thread finished: Thread Group 1-44 
2017/11/19 22:30:35 INFO  - jmeter.threads.JMeterThread: Thread started: Thread Group 1-45 
2017/11/19 22:30:35 INFO  - jmeter.threads.JMeterThread: Thread finished: Thread Group 1-45 
2017/11/19 22:30:35 INFO  - jmeter.threads.JMeterThread: Thread started: Thread Group 1-46 
2017/11/19 22:30:35 INFO  - jmeter.threads.JMeterThread: Thread finished: Thread Group 1-46 
2017/11/19 22:30:36 INFO  - jmeter.threads.JMeterThread: Thread started: Thread Group 1-47 
2017/11/19 22:30:36 INFO  - jmeter.threads.JMeterThread: Thread finished: Thread Group 1-47 
2017/11/19 22:30:36 INFO  - jmeter.threads.JMeterThread: Thread started: Thread Group 1-48 
2017/11/19 22:30:36 INFO  - jmeter.threads.JMeterThread: Thread finished: Thread Group 1-48 
2017/11/19 22:30:37 INFO  - jmeter.threads.JMeterThread: Thread started: Thread Group 1-49 
2017/11/19 22:30:37 INFO  - jmeter.threads.JMeterThread: Thread finished: Thread Group 1-49 
2017/11/19 22:30:37 INFO  - jmeter.threads.JMeterThread: Thread started: Thread Group 1-50 
2017/11/19 22:30:37 INFO  - jmeter.threads.JMeterThread: Thread finished: Thread Group 1-50 
2017/11/19 22:30:37 INFO  - jmeter.engine.StandardJMeterEngine: Notifying test listeners of end of test 
2017/11/19 22:30:37 INFO  - jmeter.reporters.Summariser: summary +    159 in     8s =   21.1/s Avg:     0 Min:     0 Max:     3 Err:   159 (100.00%) Active: 0 Started: 50 Finished: 50 
2017/11/19 22:30:37 INFO  - jmeter.reporters.Summariser: summary =    500 in  24.3s =   20.6/s Avg:     0 Min:     0 Max:    56 Err:   500 (100.00%) 
